Using pre-set license
Built from '2020.3/release' branch; Version is '2020.3.1f1 (77a89f25062f) revision 7841951'; Using compiler version '192528614'; Build Type 'Release'
OS: 'Windows 10 Pro; OS build 19042.928; Version 2009; 64bit' Language: 'it' Physical Memory: 7567 MB
BatchMode: 1, IsHumanControllingUs: 0, StartBugReporterOnCrash: 0, Is64bit: 1, IsPro: 0

 COMMAND LINE ARGUMENTS:
C:\Program Files\Unity\Hub\Editor\2020.3.1f1\Editor\Unity.exe
-adb2
-batchMode
-noUpm
-name
AssetImportWorker0
-projectPath
C:/Users/Admin/seasoon game
-logFile
Logs/AssetImportWorker0.log
-srvPort
55147
Successfully changed project path to: C:/Users/Admin/seasoon game
C:/Users/Admin/seasoon game
Using Asset Import Pipeline V2.
Refreshing native plugins compatible for Editor in 58.85 ms, found 0 plugins.
Preloading 0 native plugins for Editor in 0.00 ms.
Initialize engine version: 2020.3.1f1 (77a89f25062f)
[Subsystems] Discovering subsystems at path C:/Program Files/Unity/Hub/Editor/2020.3.1f1/Editor/Data/Resources/UnitySubsystems
[Subsystems] Discovering subsystems at path C:/Users/Admin/seasoon game/Assets
GfxDevice: creating device client; threaded=0
Direct3D:
    Version:  Direct3D 11.0 [level 11.1]
    Renderer: AMD Radeon R7 Graphics (ID=0x9874)
    Vendor:   
    VRAM:     494 MB
    Driver:   21.19.414.1792
Initialize mono
Mono path[0] = 'C:/Program Files/Unity/Hub/Editor/2020.3.1f1/Editor/Data/Managed'
Mono path[1] = 'C:/Program Files/Unity/Hub/Editor/2020.3.1f1/Editor/Data/MonoBleedingEdge/lib/mono/unityjit'
Mono config path = 'C:/Program Files/Unity/Hub/Editor/2020.3.1f1/Editor/Data/MonoBleedingEdge/etc'
Using monoOptions --debugger-agent=transport=dt_socket,embedding=1,server=y,suspend=n,address=127.0.0.1:56816
Begin MonoManager ReloadAssembly
Registering precompiled unity dll's ...
Register platform support module: C:/Program Files/Unity/Hub/Editor/2020.3.1f1/Editor/Data/PlaybackEngines/WebGLSupport/UnityEditor.WebGL.Extensions.dll
Register platform support module: C:/Program Files/Unity/Hub/Editor/2020.3.1f1/Editor/Data/PlaybackEngines/WindowsStandaloneSupport/UnityEditor.WindowsStandalone.Extensions.dll
Registered in 0.008379 seconds.
Native extension for WindowsStandalone target not found
Native extension for WebGL target not found
Refreshing native plugins compatible for Editor in 55.65 ms, found 0 plugins.
Preloading 0 native plugins for Editor in 0.00 ms.
Invoked RoslynAnalysisRunner static constructor.
RoslynAnalysisRunner will not be running.
RoslynAnalysisRunner has terminated.
Mono: successfully reloaded assembly
- Completed reload, in  3.203 seconds
Platform modules already initialized, skipping
Registering precompiled user dll's ...
Registered in 0.002187 seconds.
Begin MonoManager ReloadAssembly
Native extension for WindowsStandalone target not found
Native extension for WebGL target not found
Refreshing native plugins compatible for Editor in 0.49 ms, found 0 plugins.
Preloading 0 native plugins for Editor in 0.00 ms.
Invoked RoslynAnalysisRunner static constructor.
RoslynAnalysisRunner will not be running.
RoslynAnalysisRunner has terminated.
Mono: successfully reloaded assembly
- Completed reload, in  2.198 seconds
Platform modules already initialized, skipping
========================================================================
Worker process is ready to serve import requests
Launched and connected shader compiler UnityShaderCompiler.exe after 0.11 seconds
Refreshing native plugins compatible for Editor in 0.60 ms, found 0 plugins.
Preloading 0 native plugins for Editor in 0.00 ms.
Unloading 1129 Unused Serialized files (Serialized files now loaded: 0)
System memory in use before: 58.8 MB.
System memory in use after: 58.9 MB.

Unloading 10 unused Assets to reduce memory usage. Loaded Objects now: 1572.
Total: 4.815800 ms (FindLiveObjects: 0.390700 ms CreateObjectMapping: 0.239300 ms MarkObjects: 3.967900 ms  DeleteObjects: 0.214500 ms)

========================================================================
Received Import Request.
  path: Assets/Scenes/Inquinamento.unity
  artifactKey: Guid(9fc0d4010bbf28b4594072e72b8655ab) Importer(815301076,1909f56bfc062723c751e8b465ee728b)
Start importing Assets/Scenes/Inquinamento.unity using Guid(9fc0d4010bbf28b4594072e72b8655ab) Importer(815301076,1909f56bfc062723c751e8b465ee728b)  -> (artifact id: 'e67a84efb5f38f6dfb12ee1a41bc0f40') in 0.057539 seconds
  Import took 0.065107 seconds .

========================================================================
Received Prepare
Registering precompiled user dll's ...
Registered in 0.003003 seconds.
Begin MonoManager ReloadAssembly
Native extension for WindowsStandalone target not found
Native extension for WebGL target not found
Refreshing native plugins compatible for Editor in 0.61 ms, found 0 plugins.
Preloading 0 native plugins for Editor in 0.00 ms.
Invoked RoslynAnalysisRunner static constructor.
RoslynAnalysisRunner will not be running.
RoslynAnalysisRunner has terminated.
Mono: successfully reloaded assembly
- Completed reload, in  4.138 seconds
Platform modules already initialized, skipping
Refreshing native plugins compatible for Editor in 0.51 ms, found 0 plugins.
Preloading 0 native plugins for Editor in 0.00 ms.
Unloading 1111 Unused Serialized files (Serialized files now loaded: 0)
System memory in use before: 57.8 MB.
System memory in use after: 57.8 MB.

Unloading 5 unused Assets to reduce memory usage. Loaded Objects now: 1575.
Total: 4.700200 ms (FindLiveObjects: 0.390900 ms CreateObjectMapping: 0.101900 ms MarkObjects: 4.054300 ms  DeleteObjects: 0.147300 ms)

========================================================================
Received Prepare
Registering precompiled user dll's ...
Registered in 0.002158 seconds.
Begin MonoManager ReloadAssembly
Native extension for WindowsStandalone target not found
Native extension for WebGL target not found
Refreshing native plugins compatible for Editor in 0.57 ms, found 0 plugins.
Preloading 0 native plugins for Editor in 0.00 ms.
Invoked RoslynAnalysisRunner static constructor.
RoslynAnalysisRunner will not be running.
RoslynAnalysisRunner has terminated.
Mono: successfully reloaded assembly
- Completed reload, in  2.044 seconds
Platform modules already initialized, skipping
Refreshing native plugins compatible for Editor in 0.48 ms, found 0 plugins.
Preloading 0 native plugins for Editor in 0.00 ms.
Unloading 1111 Unused Serialized files (Serialized files now loaded: 0)
System memory in use before: 57.8 MB.
System memory in use after: 57.9 MB.

Unloading 5 unused Assets to reduce memory usage. Loaded Objects now: 1578.
Total: 3.964200 ms (FindLiveObjects: 0.355600 ms CreateObjectMapping: 0.081900 ms MarkObjects: 3.391200 ms  DeleteObjects: 0.132100 ms)

========================================================================
Received Import Request.
  Time since last request: 3053.095988 seconds.
  path: Assets/0.jpg
  artifactKey: Guid(2ce494b9b3457814bb427441a2c5c406) Importer(815301076,1909f56bfc062723c751e8b465ee728b)
Start importing Assets/0.jpg using Guid(2ce494b9b3457814bb427441a2c5c406) Importer(815301076,1909f56bfc062723c751e8b465ee728b)  -> (artifact id: 'adba7353e7e0be303dc6105c23f3fb69') in 0.331794 seconds
  Import took 0.337709 seconds .

========================================================================
Received Import Request.
  Time since last request: 24.744141 seconds.
  path: Assets/0.jpg
  artifactKey: Guid(2ce494b9b3457814bb427441a2c5c406) Importer(815301076,1909f56bfc062723c751e8b465ee728b)
Start importing Assets/0.jpg using Guid(2ce494b9b3457814bb427441a2c5c406) Importer(815301076,1909f56bfc062723c751e8b465ee728b)  -> (artifact id: '2b9197a0468c3371d6ca9960ed31f3b7') in 0.458565 seconds
  Import took 0.489352 seconds .

========================================================================
Received Prepare
Registering precompiled user dll's ...
Registered in 0.002789 seconds.
Begin MonoManager ReloadAssembly
Native extension for WindowsStandalone target not found
Native extension for WebGL target not found
Refreshing native plugins compatible for Editor in 0.54 ms, found 0 plugins.
Preloading 0 native plugins for Editor in 0.00 ms.
Invoked RoslynAnalysisRunner static constructor.
RoslynAnalysisRunner will not be running.
RoslynAnalysisRunner has terminated.
Mono: successfully reloaded assembly
- Completed reload, in  2.913 seconds
Platform modules already initialized, skipping
Refreshing native plugins compatible for Editor in 0.49 ms, found 0 plugins.
Preloading 0 native plugins for Editor in 0.00 ms.
Unloading 1111 Unused Serialized files (Serialized files now loaded: 0)
System memory in use before: 60.9 MB.
System memory in use after: 60.9 MB.

Unloading 5 unused Assets to reduce memory usage. Loaded Objects now: 1588.
Total: 4.284400 ms (FindLiveObjects: 0.572400 ms CreateObjectMapping: 0.391100 ms MarkObjects: 3.185900 ms  DeleteObjects: 0.130900 ms)

========================================================================
Received Import Request.
  Time since last request: 900.211093 seconds.
  path: Assets/Scenes/Pesca illegale.unity
  artifactKey: Guid(2d703d045b1a1b74691d1e37cce7ece0) Importer(815301076,1909f56bfc062723c751e8b465ee728b)
Start importing Assets/Scenes/Pesca illegale.unity using Guid(2d703d045b1a1b74691d1e37cce7ece0) Importer(815301076,1909f56bfc062723c751e8b465ee728b)  -> (artifact id: 'c5567d827a5cf467a0a0eb566a183768') in 0.163607 seconds
  Import took 0.171919 seconds .

========================================================================
Received Prepare
Registering precompiled user dll's ...
Registered in 0.004096 seconds.
Begin MonoManager ReloadAssembly
Native extension for WindowsStandalone target not found
Native extension for WebGL target not found
Refreshing native plugins compatible for Editor in 0.50 ms, found 0 plugins.
Preloading 0 native plugins for Editor in 0.00 ms.
Invoked RoslynAnalysisRunner static constructor.
RoslynAnalysisRunner will not be running.
RoslynAnalysisRunner has terminated.
Mono: successfully reloaded assembly
- Completed reload, in  2.507 seconds
Platform modules already initialized, skipping
Refreshing native plugins compatible for Editor in 0.51 ms, found 0 plugins.
Preloading 0 native plugins for Editor in 0.00 ms.
Unloading 1111 Unused Serialized files (Serialized files now loaded: 0)
System memory in use before: 60.9 MB.
System memory in use after: 61.0 MB.

Unloading 5 unused Assets to reduce memory usage. Loaded Objects now: 1591.
Total: 4.269600 ms (FindLiveObjects: 0.368100 ms CreateObjectMapping: 0.111800 ms MarkObjects: 3.650200 ms  DeleteObjects: 0.135500 ms)

========================================================================
Received Import Request.
  Time since last request: 531.225027 seconds.
  path: Assets/Scenes/Inquinamento.unity
  artifactKey: Guid(9fc0d4010bbf28b4594072e72b8655ab) Importer(815301076,1909f56bfc062723c751e8b465ee728b)
Start importing Assets/Scenes/Inquinamento.unity using Guid(9fc0d4010bbf28b4594072e72b8655ab) Importer(815301076,1909f56bfc062723c751e8b465ee728b)  -> (artifact id: '4959705851375e4cbb211af3b69c20ce') in 0.047017 seconds
  Import took 0.051828 seconds .

========================================================================
Received Prepare
Registering precompiled user dll's ...
Registered in 0.002355 seconds.
Begin MonoManager ReloadAssembly
Native extension for WindowsStandalone target not found
Native extension for WebGL target not found
Refreshing native plugins compatible for Editor in 0.55 ms, found 0 plugins.
Preloading 0 native plugins for Editor in 0.00 ms.
Invoked RoslynAnalysisRunner static constructor.
RoslynAnalysisRunner will not be running.
RoslynAnalysisRunner has terminated.
Mono: successfully reloaded assembly
- Completed reload, in  2.028 seconds
Platform modules already initialized, skipping
Refreshing native plugins compatible for Editor in 0.55 ms, found 0 plugins.
Preloading 0 native plugins for Editor in 0.00 ms.
Unloading 1111 Unused Serialized files (Serialized files now loaded: 0)
System memory in use before: 60.9 MB.
System memory in use after: 61.0 MB.

Unloading 5 unused Assets to reduce memory usage. Loaded Objects now: 1594.
Total: 3.972300 ms (FindLiveObjects: 0.343700 ms CreateObjectMapping: 0.131100 ms MarkObjects: 3.364400 ms  DeleteObjects: 0.129300 ms)

========================================================================
Received Import Request.
  Time since last request: 615.764079 seconds.
  path: Assets/Scenes/Pesca illegale.unity
  artifactKey: Guid(2d703d045b1a1b74691d1e37cce7ece0) Importer(815301076,1909f56bfc062723c751e8b465ee728b)
Start importing Assets/Scenes/Pesca illegale.unity using Guid(2d703d045b1a1b74691d1e37cce7ece0) Importer(815301076,1909f56bfc062723c751e8b465ee728b)  -> (artifact id: 'c2090927c85e90ee47fc5156ef585709') in 0.052998 seconds
  Import took 0.057518 seconds .

========================================================================
Received Prepare
Registering precompiled user dll's ...
Registered in 0.002480 seconds.
Begin MonoManager ReloadAssembly
Native extension for WindowsStandalone target not found
Native extension for WebGL target not found
Refreshing native plugins compatible for Editor in 0.61 ms, found 0 plugins.
Preloading 0 native plugins for Editor in 0.00 ms.
Invoked RoslynAnalysisRunner static constructor.
RoslynAnalysisRunner will not be running.
RoslynAnalysisRunner has terminated.
Mono: successfully reloaded assembly
- Completed reload, in  1.960 seconds
Platform modules already initialized, skipping
Refreshing native plugins compatible for Editor in 0.45 ms, found 0 plugins.
Preloading 0 native plugins for Editor in 0.00 ms.
Unloading 1111 Unused Serialized files (Serialized files now loaded: 0)
System memory in use before: 60.9 MB.
System memory in use after: 61.0 MB.

Unloading 5 unused Assets to reduce memory usage. Loaded Objects now: 1597.
Total: 3.517400 ms (FindLiveObjects: 0.351600 ms CreateObjectMapping: 0.122100 ms MarkObjects: 2.906700 ms  DeleteObjects: 0.134700 ms)

========================================================================
Received Import Request.
  Time since last request: 108.537381 seconds.
  path: Assets/Scenes/Riciclaggio.unity
  artifactKey: Guid(aeaa8eecf590b0c4287d29d955c1a07d) Importer(815301076,1909f56bfc062723c751e8b465ee728b)
Start importing Assets/Scenes/Riciclaggio.unity using Guid(aeaa8eecf590b0c4287d29d955c1a07d) Importer(815301076,1909f56bfc062723c751e8b465ee728b)  -> (artifact id: '116873dbfe0b78e35978c54f0311ab12') in 0.049536 seconds
  Import took 0.055401 seconds .

========================================================================
Received Prepare
Registering precompiled user dll's ...
Registered in 0.002684 seconds.
Begin MonoManager ReloadAssembly
Native extension for WindowsStandalone target not found
Native extension for WebGL target not found
Refreshing native plugins compatible for Editor in 0.64 ms, found 0 plugins.
Preloading 0 native plugins for Editor in 0.00 ms.
Invoked RoslynAnalysisRunner static constructor.
RoslynAnalysisRunner will not be running.
RoslynAnalysisRunner has terminated.
Mono: successfully reloaded assembly
- Completed reload, in  1.951 seconds
Platform modules already initialized, skipping
Refreshing native plugins compatible for Editor in 0.50 ms, found 0 plugins.
Preloading 0 native plugins for Editor in 0.00 ms.
Unloading 1111 Unused Serialized files (Serialized files now loaded: 0)
System memory in use before: 60.9 MB.
System memory in use after: 61.0 MB.

Unloading 5 unused Assets to reduce memory usage. Loaded Objects now: 1600.
Total: 3.969600 ms (FindLiveObjects: 0.352100 ms CreateObjectMapping: 0.123500 ms MarkObjects: 3.365000 ms  DeleteObjects: 0.126300 ms)

========================================================================
Received Import Request.
  Time since last request: 1196.996930 seconds.
  path: Assets/Scenes/Pesca illegale.unity
  artifactKey: Guid(2d703d045b1a1b74691d1e37cce7ece0) Importer(815301076,1909f56bfc062723c751e8b465ee728b)
Start importing Assets/Scenes/Pesca illegale.unity using Guid(2d703d045b1a1b74691d1e37cce7ece0) Importer(815301076,1909f56bfc062723c751e8b465ee728b)  -> (artifact id: '9d235e9fb0d427a1d82975d9ce5c72c1') in 0.078303 seconds
  Import took 0.085008 seconds .

========================================================================
Received Import Request.
  Time since last request: 2.544274 seconds.
  path: Assets/Scenes/Inquinamento.unity
  artifactKey: Guid(9fc0d4010bbf28b4594072e72b8655ab) Importer(815301076,1909f56bfc062723c751e8b465ee728b)
Start importing Assets/Scenes/Inquinamento.unity using Guid(9fc0d4010bbf28b4594072e72b8655ab) Importer(815301076,1909f56bfc062723c751e8b465ee728b)  -> (artifact id: '2b198fc04039839d6aa3eb3e81e013ec') in 0.024511 seconds
  Import took 0.028906 seconds .

========================================================================
Received Import Request.
  Time since last request: 0.001901 seconds.
  path: Assets/Scenes/Inquinamento.unity
  artifactKey: Guid(9fc0d4010bbf28b4594072e72b8655ab) Importer(815301076,1909f56bfc062723c751e8b465ee728b)
Start importing Assets/Scenes/Inquinamento.unity using Guid(9fc0d4010bbf28b4594072e72b8655ab) Importer(815301076,1909f56bfc062723c751e8b465ee728b)  -> (artifact id: '2b198fc04039839d6aa3eb3e81e013ec') in 0.018030 seconds
  Import took 0.022791 seconds .

========================================================================
Received Import Request.
  Time since last request: 18.810471 seconds.
  path: Assets/Scenes/Riciclaggio.unity
  artifactKey: Guid(aeaa8eecf590b0c4287d29d955c1a07d) Importer(815301076,1909f56bfc062723c751e8b465ee728b)
Start importing Assets/Scenes/Riciclaggio.unity using Guid(aeaa8eecf590b0c4287d29d955c1a07d) Importer(815301076,1909f56bfc062723c751e8b465ee728b)  -> (artifact id: '2f58bd44fbb57e65d8e84183064aa393') in 0.021529 seconds
  Import took 0.030716 seconds .

========================================================================
Received Import Request.
  Time since last request: 66.992330 seconds.
  path: Assets/Scenes/Argomento.scenetemplate
  artifactKey: Guid(d2c3f09b4c67ab245ad12bfcf01f870e) Importer(815301076,1909f56bfc062723c751e8b465ee728b)
Start importing Assets/Scenes/Argomento.scenetemplate using Guid(d2c3f09b4c67ab245ad12bfcf01f870e) Importer(815301076,1909f56bfc062723c751e8b465ee728b)  -> (artifact id: '4de3422367183755195682490d86445d') in 0.281120 seconds
  Import took 0.287430 seconds .

========================================================================
Received Import Request.
  Time since last request: 217.818504 seconds.
  path: Assets/Scenes/New Scene.unity
  artifactKey: Guid(30c0176fbc1229b4b81de0a52aecf53e) Importer(815301076,1909f56bfc062723c751e8b465ee728b)
Start importing Assets/Scenes/New Scene.unity using Guid(30c0176fbc1229b4b81de0a52aecf53e) Importer(815301076,1909f56bfc062723c751e8b465ee728b)  -> (artifact id: 'a799d12c489383abab9c574ceb287f76') in 0.249290 seconds
  Import took 0.256490 seconds .

========================================================================
Received Import Request.
  Time since last request: 813.721615 seconds.
  path: Assets/Scenes/Argomento.scenetemplate
  artifactKey: Guid(d2c3f09b4c67ab245ad12bfcf01f870e) Importer(815301076,1909f56bfc062723c751e8b465ee728b)
Start importing Assets/Scenes/Argomento.scenetemplate using Guid(d2c3f09b4c67ab245ad12bfcf01f870e) Importer(815301076,1909f56bfc062723c751e8b465ee728b)  -> (artifact id: '089913e9ed035617ea85bd56a185b9d4') in 0.250179 seconds
  Import took 0.267440 seconds .

========================================================================
Received Import Request.
  Time since last request: 0.000934 seconds.
  path: Assets/Scenes/Argomento 1.unity
  artifactKey: Guid(f386c3a32f25c2d45a53d43959040464) Importer(815301076,1909f56bfc062723c751e8b465ee728b)
Start importing Assets/Scenes/Argomento 1.unity using Guid(f386c3a32f25c2d45a53d43959040464) Importer(815301076,1909f56bfc062723c751e8b465ee728b)  -> (artifact id: '288fc021540ea96230121f33e27ff0f5') in 0.114624 seconds
  Import took 0.154781 seconds .

========================================================================
Received Import Request.
  Time since last request: 1.521488 seconds.
  path: Assets/Scenes/Argomento 2.unity
  artifactKey: Guid(db5d6b8d074ba354f92f82ccdd7fc5d6) Importer(815301076,1909f56bfc062723c751e8b465ee728b)
Start importing Assets/Scenes/Argomento 2.unity using Guid(db5d6b8d074ba354f92f82ccdd7fc5d6) Importer(815301076,1909f56bfc062723c751e8b465ee728b)  -> (artifact id: 'f3314961552d3b2a2764b5d3081ac822') in 0.021697 seconds
  Import took 0.029426 seconds .

========================================================================
Received Import Request.
  Time since last request: 0.000977 seconds.
  path: Assets/Scenes/Argomento 2.unity
  artifactKey: Guid(db5d6b8d074ba354f92f82ccdd7fc5d6) Importer(815301076,1909f56bfc062723c751e8b465ee728b)
Start importing Assets/Scenes/Argomento 2.unity using Guid(db5d6b8d074ba354f92f82ccdd7fc5d6) Importer(815301076,1909f56bfc062723c751e8b465ee728b)  -> (artifact id: 'f3314961552d3b2a2764b5d3081ac822') in 0.012748 seconds
  Import took 0.016820 seconds .

========================================================================
Received Import Request.
  Time since last request: 1.399400 seconds.
  path: Assets/Scenes/Argomento 3.unity
  artifactKey: Guid(eac124745bea3e046a88f0f83bfc7b1e) Importer(815301076,1909f56bfc062723c751e8b465ee728b)
Start importing Assets/Scenes/Argomento 3.unity using Guid(eac124745bea3e046a88f0f83bfc7b1e) Importer(815301076,1909f56bfc062723c751e8b465ee728b)  -> (artifact id: 'b5b7ad8480e99c0684844d1c7fdb2142') in 0.027447 seconds
  Import took 0.035189 seconds .

========================================================================
Received Import Request.
  Time since last request: 0.004417 seconds.
  path: Assets/Scenes/Argomento 3.unity
  artifactKey: Guid(eac124745bea3e046a88f0f83bfc7b1e) Importer(815301076,1909f56bfc062723c751e8b465ee728b)
Start importing Assets/Scenes/Argomento 3.unity using Guid(eac124745bea3e046a88f0f83bfc7b1e) Importer(815301076,1909f56bfc062723c751e8b465ee728b)  -> (artifact id: 'b5b7ad8480e99c0684844d1c7fdb2142') in 0.014039 seconds
  Import took 0.018598 seconds .

========================================================================
Received Import Request.
  Time since last request: 86.721471 seconds.
  path: Assets/Scenes/Plastica.unity
  artifactKey: Guid(f386c3a32f25c2d45a53d43959040464) Importer(815301076,1909f56bfc062723c751e8b465ee728b)
Start importing Assets/Scenes/Plastica.unity using Guid(f386c3a32f25c2d45a53d43959040464) Importer(815301076,1909f56bfc062723c751e8b465ee728b)  -> (artifact id: 'fbe9007d387d92f5fbfe236e8e0e2187') in 0.038588 seconds
  Import took 0.045419 seconds .

========================================================================
Received Import Request.
  Time since last request: 21.066450 seconds.
  path: Assets/Scenes/Inquinamento acustico.unity
  artifactKey: Guid(db5d6b8d074ba354f92f82ccdd7fc5d6) Importer(815301076,1909f56bfc062723c751e8b465ee728b)
Start importing Assets/Scenes/Inquinamento acustico.unity using Guid(db5d6b8d074ba354f92f82ccdd7fc5d6) Importer(815301076,1909f56bfc062723c751e8b465ee728b)  -> (artifact id: '83563069462293e3218c74553b3e1a35') in 0.045730 seconds
  Import took 0.053979 seconds .

========================================================================
Received Import Request.
  Time since last request: 14.377464 seconds.
  path: Assets/Scenes/Sostanze chimiche.unity
  artifactKey: Guid(eac124745bea3e046a88f0f83bfc7b1e) Importer(815301076,1909f56bfc062723c751e8b465ee728b)
Start importing Assets/Scenes/Sostanze chimiche.unity using Guid(eac124745bea3e046a88f0f83bfc7b1e) Importer(815301076,1909f56bfc062723c751e8b465ee728b)  -> (artifact id: 'a7f6771bd7ac2f990db006fc5c2b77ca') in 0.036579 seconds
  Import took 0.043682 seconds .

========================================================================
Received Import Request.
  Time since last request: 12.818933 seconds.
  path: Assets/Scenes/Petrolio.unity
  artifactKey: Guid(55574ed303fe12e4aa7cbf00ab7e8a4f) Importer(815301076,1909f56bfc062723c751e8b465ee728b)
Start importing Assets/Scenes/Petrolio.unity using Guid(55574ed303fe12e4aa7cbf00ab7e8a4f) Importer(815301076,1909f56bfc062723c751e8b465ee728b)  -> (artifact id: 'e366652d62382da5d4005ae1f0728336') in 0.019862 seconds
  Import took 0.026934 seconds .

========================================================================
Received Import Request.
  Time since last request: 28.732825 seconds.
  path: Assets/Scenes/Menu.unity
  artifactKey: Guid(a7ca835b16ea78a46b6ef8d59680f2c4) Importer(815301076,1909f56bfc062723c751e8b465ee728b)
Start importing Assets/Scenes/Menu.unity using Guid(a7ca835b16ea78a46b6ef8d59680f2c4) Importer(815301076,1909f56bfc062723c751e8b465ee728b)  -> (artifact id: '3dc3ea2824122f8d125a29745de68b6f') in 0.037482 seconds
  Import took 0.043829 seconds .

========================================================================
Received Import Request.
  Time since last request: 52.899901 seconds.
  path: Assets/Scenes/Inquinamento acustico 1.unity
  artifactKey: Guid(842dd05cc97676e40bf31b51a2cd6df4) Importer(815301076,1909f56bfc062723c751e8b465ee728b)
Start importing Assets/Scenes/Inquinamento acustico 1.unity using Guid(842dd05cc97676e40bf31b51a2cd6df4) Importer(815301076,1909f56bfc062723c751e8b465ee728b)  -> (artifact id: 'b759f1aead5b711dd10a12c271de35dc') in 0.027741 seconds
  Import took 0.035142 seconds .

========================================================================
Received Import Request.
  Time since last request: 3.067282 seconds.
  path: Assets/Scenes/Inquinamento acustico 2.unity
  artifactKey: Guid(44741541f1b867545869a9326452ce83) Importer(815301076,1909f56bfc062723c751e8b465ee728b)
Start importing Assets/Scenes/Inquinamento acustico 2.unity using Guid(44741541f1b867545869a9326452ce83) Importer(815301076,1909f56bfc062723c751e8b465ee728b)  -> (artifact id: 'da4bfd10dfa528445127326006a47515') in 0.030875 seconds
  Import took 0.035069 seconds .

========================================================================
Received Import Request.
  Time since last request: 0.905519 seconds.
  path: Assets/Scenes/Inquinamento acustico 3.unity
  artifactKey: Guid(8608455d9bb1fcd43ab34c67226960f9) Importer(815301076,1909f56bfc062723c751e8b465ee728b)
Start importing Assets/Scenes/Inquinamento acustico 3.unity using Guid(8608455d9bb1fcd43ab34c67226960f9) Importer(815301076,1909f56bfc062723c751e8b465ee728b)  -> (artifact id: 'e68eadce66867c408895eef89e07b7a6') in 0.027894 seconds
  Import took 0.032197 seconds .

========================================================================
Received Import Request.
  Time since last request: 1.003257 seconds.
  path: Assets/Scenes/Inquinamento acustico 4.unity
  artifactKey: Guid(1bd4ba11bf344624ab41609837deef28) Importer(815301076,1909f56bfc062723c751e8b465ee728b)
Start importing Assets/Scenes/Inquinamento acustico 4.unity using Guid(1bd4ba11bf344624ab41609837deef28) Importer(815301076,1909f56bfc062723c751e8b465ee728b)  -> (artifact id: 'e2e32234dcb308ebc11bc00b7c65e0d4') in 0.027050 seconds
  Import took 0.031345 seconds .

========================================================================
Received Import Request.
  Time since last request: 14.915264 seconds.
  path: Assets/Scenes/Isole di spazzatura.unity
  artifactKey: Guid(842dd05cc97676e40bf31b51a2cd6df4) Importer(815301076,1909f56bfc062723c751e8b465ee728b)
Start importing Assets/Scenes/Isole di spazzatura.unity using Guid(842dd05cc97676e40bf31b51a2cd6df4) Importer(815301076,1909f56bfc062723c751e8b465ee728b)  -> (artifact id: '1fb2199e45cbbfa18339f2e9e83888d1') in 0.019796 seconds
  Import took 0.025174 seconds .

========================================================================
Received Import Request.
  Time since last request: 14.302305 seconds.
  path: Assets/Scenes/Microplastiche.unity
  artifactKey: Guid(44741541f1b867545869a9326452ce83) Importer(815301076,1909f56bfc062723c751e8b465ee728b)
Start importing Assets/Scenes/Microplastiche.unity using Guid(44741541f1b867545869a9326452ce83) Importer(815301076,1909f56bfc062723c751e8b465ee728b)  -> (artifact id: '20900e949aa276c3d8df03ab6b708440') in 0.026881 seconds
  Import took 0.033355 seconds .

========================================================================
Received Import Request.
  Time since last request: 47.847909 seconds.
  path: Assets/Scenes/wwf.unity
  artifactKey: Guid(8608455d9bb1fcd43ab34c67226960f9) Importer(815301076,1909f56bfc062723c751e8b465ee728b)
Start importing Assets/Scenes/wwf.unity using Guid(8608455d9bb1fcd43ab34c67226960f9) Importer(815301076,1909f56bfc062723c751e8b465ee728b)  -> (artifact id: '845cebab4e18d1d73a7d18940c43e181') in 0.020189 seconds
  Import took 0.026982 seconds .

========================================================================
Received Import Request.
  Time since last request: 16.618144 seconds.
  path: Assets/Scenes/pesca pirata.unity
  artifactKey: Guid(1bd4ba11bf344624ab41609837deef28) Importer(815301076,1909f56bfc062723c751e8b465ee728b)
Start importing Assets/Scenes/pesca pirata.unity using Guid(1bd4ba11bf344624ab41609837deef28) Importer(815301076,1909f56bfc062723c751e8b465ee728b)  -> (artifact id: '59732f694599c199ecc6c0ee2af8f9ad') in 0.064314 seconds
  Import took 0.114776 seconds .

========================================================================
Received Import Request.
  Time since last request: 32.518627 seconds.
  path: Assets/Scenes/wwf 1.unity
  artifactKey: Guid(6241f9db7c3701d4587506782e71bd4d) Importer(815301076,1909f56bfc062723c751e8b465ee728b)
Start importing Assets/Scenes/wwf 1.unity using Guid(6241f9db7c3701d4587506782e71bd4d) Importer(815301076,1909f56bfc062723c751e8b465ee728b)  -> (artifact id: 'd5c05549b98b52424c5786b83de8d40f') in 0.022372 seconds
  Import took 0.028626 seconds .

========================================================================
Received Import Request.
  Time since last request: 0.001367 seconds.
  path: Assets/Scenes/wwf 1.unity
  artifactKey: Guid(6241f9db7c3701d4587506782e71bd4d) Importer(815301076,1909f56bfc062723c751e8b465ee728b)
Start importing Assets/Scenes/wwf 1.unity using Guid(6241f9db7c3701d4587506782e71bd4d) Importer(815301076,1909f56bfc062723c751e8b465ee728b)  -> (artifact id: 'd5c05549b98b52424c5786b83de8d40f') in 0.011412 seconds
  Import took 0.015678 seconds .

========================================================================
Received Import Request.
  Time since last request: 0.927876 seconds.
  path: Assets/Scenes/wwf 2.unity
  artifactKey: Guid(37f1f4be9c2f097478ff92d68e8f39f9) Importer(815301076,1909f56bfc062723c751e8b465ee728b)
Start importing Assets/Scenes/wwf 2.unity using Guid(37f1f4be9c2f097478ff92d68e8f39f9) Importer(815301076,1909f56bfc062723c751e8b465ee728b)  -> (artifact id: '1957e871f47343cdb9603c6030f2d551') in 0.026633 seconds
  Import took 0.033203 seconds .

========================================================================
Received Import Request.
  Time since last request: 2.006389 seconds.
  path: Assets/Scenes/wwf 3.unity
  artifactKey: Guid(dd14183014888e4489f767c5f3edf43d) Importer(815301076,1909f56bfc062723c751e8b465ee728b)
Start importing Assets/Scenes/wwf 3.unity using Guid(dd14183014888e4489f767c5f3edf43d) Importer(815301076,1909f56bfc062723c751e8b465ee728b)  -> (artifact id: '065dc661f57bac0ca9278f85fce89378') in 0.073017 seconds
  Import took 0.087212 seconds .

========================================================================
Received Import Request.
  Time since last request: 17.712554 seconds.
  path: Assets/Scenes/sovrappesca.unity
  artifactKey: Guid(6241f9db7c3701d4587506782e71bd4d) Importer(815301076,1909f56bfc062723c751e8b465ee728b)
Start importing Assets/Scenes/sovrappesca.unity using Guid(6241f9db7c3701d4587506782e71bd4d) Importer(815301076,1909f56bfc062723c751e8b465ee728b)  -> (artifact id: '6d762e943637bb039bd51d604f5049f5') in 0.049218 seconds
  Import took 0.058462 seconds .

========================================================================
Received Import Request.
  Time since last request: 8.941320 seconds.
  path: Assets/Scenes/4R.unity
  artifactKey: Guid(37f1f4be9c2f097478ff92d68e8f39f9) Importer(815301076,1909f56bfc062723c751e8b465ee728b)
Start importing Assets/Scenes/4R.unity using Guid(37f1f4be9c2f097478ff92d68e8f39f9) Importer(815301076,1909f56bfc062723c751e8b465ee728b)  -> (artifact id: '2000b0c8917e23a00d02984ce528ce3e') in 0.023600 seconds
  Import took 0.034479 seconds .

========================================================================
Received Import Request.
  Time since last request: 16.597104 seconds.
  path: Assets/Scenes/R_plastica.unity
  artifactKey: Guid(dd14183014888e4489f767c5f3edf43d) Importer(815301076,1909f56bfc062723c751e8b465ee728b)
Start importing Assets/Scenes/R_plastica.unity using Guid(dd14183014888e4489f767c5f3edf43d) Importer(815301076,1909f56bfc062723c751e8b465ee728b)  -> (artifact id: 'b3c3bc066c401ec15837e192f78e6bf3') in 0.028282 seconds
  Import took 0.032249 seconds .

========================================================================
Received Import Request.
  Time since last request: 6.490027 seconds.
  path: Assets/Scenes/wwf 1.unity
  artifactKey: Guid(ea8dab0b0ef65ba4c9c86c7987e998ff) Importer(815301076,1909f56bfc062723c751e8b465ee728b)
Start importing Assets/Scenes/wwf 1.unity using Guid(ea8dab0b0ef65ba4c9c86c7987e998ff) Importer(815301076,1909f56bfc062723c751e8b465ee728b)  -> (artifact id: '90ebeb97ac80c4fb99ca1940c6e36e4b') in 0.012805 seconds
  Import took 0.026968 seconds .

========================================================================
Received Import Request.
  Time since last request: 0.002056 seconds.
  path: Assets/Scenes/wwf 1.unity
  artifactKey: Guid(ea8dab0b0ef65ba4c9c86c7987e998ff) Importer(815301076,1909f56bfc062723c751e8b465ee728b)
Start importing Assets/Scenes/wwf 1.unity using Guid(ea8dab0b0ef65ba4c9c86c7987e998ff) Importer(815301076,1909f56bfc062723c751e8b465ee728b)  -> (artifact id: '90ebeb97ac80c4fb99ca1940c6e36e4b') in 0.011949 seconds
  Import took 0.017413 seconds .

========================================================================
Received Import Request.
  Time since last request: 6.225021 seconds.
  path: Assets/Scenes/wwf 2.unity
  artifactKey: Guid(dd78495cf75af054d93778cfd25116e2) Importer(815301076,1909f56bfc062723c751e8b465ee728b)
Start importing Assets/Scenes/wwf 2.unity using Guid(dd78495cf75af054d93778cfd25116e2) Importer(815301076,1909f56bfc062723c751e8b465ee728b)  -> (artifact id: '9776962378b6c156e3db55648591389b') in 0.011472 seconds
  Import took 0.016154 seconds .

========================================================================
Received Import Request.
  Time since last request: 0.404519 seconds.
  path: Assets/Scenes/wwf 3.unity
  artifactKey: Guid(6cffe23003623ce4d82dea8dcf6700c5) Importer(815301076,1909f56bfc062723c751e8b465ee728b)
Start importing Assets/Scenes/wwf 3.unity using Guid(6cffe23003623ce4d82dea8dcf6700c5) Importer(815301076,1909f56bfc062723c751e8b465ee728b)  -> (artifact id: '8b24865f28acee6bd792a67a1068f725') in 0.019709 seconds
  Import took 0.026624 seconds .

========================================================================
Received Import Request.
  Time since last request: 0.000930 seconds.
  path: Assets/Scenes/wwf 3.unity
  artifactKey: Guid(6cffe23003623ce4d82dea8dcf6700c5) Importer(815301076,1909f56bfc062723c751e8b465ee728b)
Start importing Assets/Scenes/wwf 3.unity using Guid(6cffe23003623ce4d82dea8dcf6700c5) Importer(815301076,1909f56bfc062723c751e8b465ee728b)  -> (artifact id: '8b24865f28acee6bd792a67a1068f725') in 0.010846 seconds
  Import took 0.017169 seconds .

========================================================================
Received Import Request.
  Time since last request: 14.790823 seconds.
  path: Assets/Scenes/Riciclo.unity
  artifactKey: Guid(ea8dab0b0ef65ba4c9c86c7987e998ff) Importer(815301076,1909f56bfc062723c751e8b465ee728b)
Start importing Assets/Scenes/Riciclo.unity using Guid(ea8dab0b0ef65ba4c9c86c7987e998ff) Importer(815301076,1909f56bfc062723c751e8b465ee728b)  -> (artifact id: '615c25b8445ebded2cbaab5f04717db5') in 0.031440 seconds
  Import took 0.059046 seconds .

========================================================================
Received Import Request.
  Time since last request: 9.909569 seconds.
  path: Assets/Scenes/Discariche.unity
  artifactKey: Guid(dd78495cf75af054d93778cfd25116e2) Importer(815301076,1909f56bfc062723c751e8b465ee728b)
Start importing Assets/Scenes/Discariche.unity using Guid(dd78495cf75af054d93778cfd25116e2) Importer(815301076,1909f56bfc062723c751e8b465ee728b)  -> (artifact id: 'cbd57fe2b895cb3a5187fb03786ca83a') in 0.019204 seconds
  Import took 0.023722 seconds .

========================================================================
Received Import Request.
  Time since last request: 16.282843 seconds.
  path: Assets/Scenes/Riduzione.unity
  artifactKey: Guid(6cffe23003623ce4d82dea8dcf6700c5) Importer(815301076,1909f56bfc062723c751e8b465ee728b)
Start importing Assets/Scenes/Riduzione.unity using Guid(6cffe23003623ce4d82dea8dcf6700c5) Importer(815301076,1909f56bfc062723c751e8b465ee728b)  -> (artifact id: 'ab7fbac801aedbb1404e6d72a9e6f153') in 0.022476 seconds
  Import took 0.030253 seconds .

========================================================================
Received Import Request.
  Time since last request: 54.446781 seconds.
  path: Assets/Scenes/New Scene.unity
  artifactKey: Guid(30c0176fbc1229b4b81de0a52aecf53e) Importer(815301076,1909f56bfc062723c751e8b465ee728b)
Start importing Assets/Scenes/New Scene.unity using Guid(30c0176fbc1229b4b81de0a52aecf53e) Importer(815301076,1909f56bfc062723c751e8b465ee728b)  -> (artifact id: '874a107414c98192d0e944a1aad4778a') in 0.020280 seconds
  Import took 0.025106 seconds .

========================================================================
Received Prepare
Registering precompiled user dll's ...
Registered in 0.002962 seconds.
Begin MonoManager ReloadAssembly
Native extension for WindowsStandalone target not found
Native extension for WebGL target not found
Refreshing native plugins compatible for Editor in 0.59 ms, found 0 plugins.
Preloading 0 native plugins for Editor in 0.00 ms.
Invoked RoslynAnalysisRunner static constructor.
RoslynAnalysisRunner will not be running.
RoslynAnalysisRunner has terminated.
Mono: successfully reloaded assembly
- Completed reload, in  2.756 seconds
Platform modules already initialized, skipping
Refreshing native plugins compatible for Editor in 0.50 ms, found 0 plugins.
Preloading 0 native plugins for Editor in 0.00 ms.
Unloading 1111 Unused Serialized files (Serialized files now loaded: 0)
System memory in use before: 61.1 MB.
System memory in use after: 61.2 MB.

Unloading 5 unused Assets to reduce memory usage. Loaded Objects now: 1603.
Total: 4.241200 ms (FindLiveObjects: 0.368200 ms CreateObjectMapping: 0.094000 ms MarkObjects: 3.605100 ms  DeleteObjects: 0.170200 ms)

========================================================================
Received Prepare
Registering precompiled user dll's ...
Registered in 0.003530 seconds.
Begin MonoManager ReloadAssembly
Native extension for WindowsStandalone target not found
Native extension for WebGL target not found
Refreshing native plugins compatible for Editor in 0.62 ms, found 0 plugins.
Preloading 0 native plugins for Editor in 0.00 ms.
Invoked RoslynAnalysisRunner static constructor.
RoslynAnalysisRunner will not be running.
RoslynAnalysisRunner has terminated.
Mono: successfully reloaded assembly
- Completed reload, in  2.307 seconds
Platform modules already initialized, skipping
Refreshing native plugins compatible for Editor in 0.53 ms, found 0 plugins.
Preloading 0 native plugins for Editor in 0.00 ms.
Unloading 1111 Unused Serialized files (Serialized files now loaded: 0)
System memory in use before: 61.1 MB.
System memory in use after: 61.2 MB.

Unloading 5 unused Assets to reduce memory usage. Loaded Objects now: 1606.
Total: 4.855700 ms (FindLiveObjects: 0.431200 ms CreateObjectMapping: 0.101100 ms MarkObjects: 4.177900 ms  DeleteObjects: 0.141500 ms)

========================================================================
Received Import Request.
  Time since last request: 1932.778897 seconds.
  path: Assets/Scenes/wwf.unity
  artifactKey: Guid(8608455d9bb1fcd43ab34c67226960f9) Importer(815301076,1909f56bfc062723c751e8b465ee728b)
Start importing Assets/Scenes/wwf.unity using Guid(8608455d9bb1fcd43ab34c67226960f9) Importer(815301076,1909f56bfc062723c751e8b465ee728b)  -> (artifact id: 'a2d1216f8d1ee73a17cccd30476ccb9b') in 0.054675 seconds
  Import took 0.059065 seconds .

========================================================================
Received Prepare
Registering precompiled user dll's ...
Registered in 0.002217 seconds.
Begin MonoManager ReloadAssembly
Native extension for WindowsStandalone target not found
Native extension for WebGL target not found
Refreshing native plugins compatible for Editor in 0.57 ms, found 0 plugins.
Preloading 0 native plugins for Editor in 0.00 ms.
Invoked RoslynAnalysisRunner static constructor.
RoslynAnalysisRunner will not be running.
RoslynAnalysisRunner has terminated.
Mono: successfully reloaded assembly
- Completed reload, in  1.996 seconds
Platform modules already initialized, skipping
Refreshing native plugins compatible for Editor in 0.48 ms, found 0 plugins.
Preloading 0 native plugins for Editor in 0.00 ms.
Unloading 1111 Unused Serialized files (Serialized files now loaded: 0)
System memory in use before: 61.1 MB.
System memory in use after: 61.2 MB.

Unloading 5 unused Assets to reduce memory usage. Loaded Objects now: 1609.
Total: 4.526900 ms (FindLiveObjects: 0.344200 ms CreateObjectMapping: 0.091100 ms MarkObjects: 3.890500 ms  DeleteObjects: 0.198100 ms)

AssetImportWorkerClient::OnTransportError - code=2 error=End of file
